Error: whoooops
    at Timeout.setInterval [as _onTimeout] (/Users/hilalaissani/nodeJs-Totorials/advencedNodeJs/SumarBonanode/eventLoopModule/console/console.js:10:18)
    at ontimeout (timers.js:436:11)
    at tryOnTimeout (timers.js:300:5)
    at listOnTimeout (timers.js:263:5)
    at Timer.processTimers (timers.js:223:10)
Error: whoooops
    at Timeout.setInterval [as _onTimeout] (/Users/hilalaissani/nodeJs-Totorials/advencedNodeJs/SumarBonanode/eventLoopModule/console/console.js:10:18)
    at ontimeout (timers.js:436:11)
    at tryOnTimeout (timers.js:300:5)
    at listOnTimeout (timers.js:263:5)
    at Timer.processTimers (timers.js:223:10)
Error: whoooops
    at Timeout.setInterval [as _onTimeout] (/Users/hilalaissani/nodeJs-Totorials/advencedNodeJs/SumarBonanode/eventLoopModule/console/console.js:10:18)
    at ontimeout (timers.js:436:11)
    at tryOnTimeout (timers.js:300:5)
    at listOnTimeout (timers.js:263:5)
    at Timer.processTimers (timers.js:223:10)
Error: whoooops
    at Timeout.setInterval [as _onTimeout] (/Users/hilalaissani/nodeJs-Totorials/advencedNodeJs/SumarBonanode/eventLoopModule/console/console.js:10:18)
    at ontimeout (timers.js:436:11)
    at tryOnTimeout (timers.js:300:5)
    at listOnTimeout (timers.js:263:5)
    at Timer.processTimers (timers.js:223:10)
Error: whoooops
    at Timeout.setInterval [as _onTimeout] (/Users/hilalaissani/nodeJs-Totorials/advencedNodeJs/SumarBonanode/eventLoopModule/console/console.js:10:18)
    at ontimeout (timers.js:436:11)
    at tryOnTimeout (timers.js:300:5)
    at listOnTimeout (timers.js:263:5)
    at Timer.processTimers (timers.js:223:10)
Error: whoooops
    at Timeout.setInterval [as _onTimeout] (/Users/hilalaissani/nodeJs-Totorials/advencedNodeJs/SumarBonanode/eventLoopModule/console/console.js:10:18)
    at ontimeout (timers.js:436:11)
    at tryOnTimeout (timers.js:300:5)
    at listOnTimeout (timers.js:263:5)
    at Timer.processTimers (timers.js:223:10)
Error: whoooops
    at Timeout.setInterval [as _onTimeout] (/Users/hilalaissani/nodeJs-Totorials/advencedNodeJs/SumarBonanode/eventLoopModule/console/console.js:10:18)
    at ontimeout (timers.js:436:11)
    at tryOnTimeout (timers.js:300:5)
    at listOnTimeout (timers.js:263:5)
    at Timer.processTimers (timers.js:223:10)
Error: whoooops
    at Timeout.setInterval [as _onTimeout] (/Users/hilalaissani/nodeJs-Totorials/advencedNodeJs/SumarBonanode/eventLoopModule/console/console.js:10:18)
    at ontimeout (timers.js:436:11)
    at tryOnTimeout (timers.js:300:5)
    at listOnTimeout (timers.js:263:5)
    at Timer.processTimers (timers.js:223:10)
Error: whoooops
    at Timeout.setInterval [as _onTimeout] (/Users/hilalaissani/nodeJs-Totorials/advencedNodeJs/SumarBonanode/eventLoopModule/console/console.js:10:18)
    at ontimeout (timers.js:436:11)
    at tryOnTimeout (timers.js:300:5)
    at listOnTimeout (timers.js:263:5)
    at Timer.processTimers (timers.js:223:10)
Error: whoooops
    at Timeout.setInterval [as _onTimeout] (/Users/hilalaissani/nodeJs-Totorials/advencedNodeJs/SumarBonanode/eventLoopModule/console/console.js:10:18)
    at ontimeout (timers.js:436:11)
    at tryOnTimeout (timers.js:300:5)
    at listOnTimeout (timers.js:263:5)
    at Timer.processTimers (timers.js:223:10)
